Determining if the pthread_create exist failed with the following output:
Change Dir: /home/hang/research/AugmentedVR/cmake-build-debug/CMakeFiles/CMakeTmp

Run Build Command:"/usr/bin/make" "cmTC_255cc/fast"
/usr/bin/make -f CMakeFiles/cmTC_255cc.dir/build.make CMakeFiles/cmTC_255cc.dir/build
make[1]: Entering directory '/home/hang/research/AugmentedVR/cmake-build-debug/CMakeFiles/CMakeTmp'
Building C object CMakeFiles/cmTC_255cc.dir/CheckSymbolExists.c.o
/usr/bin/cc    -fPIC    -o CMakeFiles/cmTC_255cc.dir/CheckSymbolExists.c.o   -c /home/hang/research/AugmentedVR/cmake-build-debug/CMakeFiles/CMakeTmp/CheckSymbolExists.c
Linking C executable cmTC_255cc
/home/fawad/clion-2017.1/bin/cmake/bin/cmake -E cmake_link_script CMakeFiles/cmTC_255cc.dir/link.txt --verbose=1
/usr/bin/cc  -fPIC     CMakeFiles/cmTC_255cc.dir/CheckSymbolExists.c.o  -o cmTC_255cc -rdynamic 
CMakeFiles/cmTC_255cc.dir/CheckSymbolExists.c.o: In function `main':
CheckSymbolExists.c:(.text+0x1b): undefined reference to `pthread_create'
collect2: error: ld returned 1 exit status
CMakeFiles/cmTC_255cc.dir/build.make:97: recipe for target 'cmTC_255cc' failed
make[1]: *** [cmTC_255cc] Error 1
make[1]: Leaving directory '/home/hang/research/AugmentedVR/cmake-build-debug/CMakeFiles/CMakeTmp'
Makefile:126: recipe for target 'cmTC_255cc/fast' failed
make: *** [cmTC_255cc/fast] Error 2

File /home/hang/research/AugmentedVR/cmake-build-debug/CMakeFiles/CMakeTmp/CheckSymbolExists.c:
/* */
#include <pthread.h>

int main(int argc, char** argv)
{
  (void)argv;
#ifndef pthread_create
  return ((int*)(&pthread_create))[argc];
#else
  (void)argc;
  return 0;
#endif
}

Determining if the function pthread_create exists in the pthreads failed with the following output:
Change Dir: /home/hang/research/AugmentedVR/cmake-build-debug/CMakeFiles/CMakeTmp

Run Build Command:"/usr/bin/make" "cmTC_9c26f/fast"
/usr/bin/make -f CMakeFiles/cmTC_9c26f.dir/build.make CMakeFiles/cmTC_9c26f.dir/build
make[1]: Entering directory '/home/hang/research/AugmentedVR/cmake-build-debug/CMakeFiles/CMakeTmp'
Building C object CMakeFiles/cmTC_9c26f.dir/CheckFunctionExists.c.o
/usr/bin/cc    -fPIC -DCHECK_FUNCTION_EXISTS=pthread_create   -o CMakeFiles/cmTC_9c26f.dir/CheckFunctionExists.c.o   -c /home/fawad/clion-2017.1/bin/cmake/share/cmake-3.7/Modules/CheckFunctionExists.c
Linking C executable cmTC_9c26f
/home/fawad/clion-2017.1/bin/cmake/bin/cmake -E cmake_link_script CMakeFiles/cmTC_9c26f.dir/link.txt --verbose=1
/usr/bin/cc  -fPIC -DCHECK_FUNCTION_EXISTS=pthread_create    CMakeFiles/cmTC_9c26f.dir/CheckFunctionExists.c.o  -o cmTC_9c26f -rdynamic -lpthreads 
/usr/bin/ld: cannot find -lpthreads
collect2: error: ld returned 1 exit status
CMakeFiles/cmTC_9c26f.dir/build.make:97: recipe for target 'cmTC_9c26f' failed
make[1]: *** [cmTC_9c26f] Error 1
make[1]: Leaving directory '/home/hang/research/AugmentedVR/cmake-build-debug/CMakeFiles/CMakeTmp'
Makefile:126: recipe for target 'cmTC_9c26f/fast' failed
make: *** [cmTC_9c26f/fast] Error 2


